<?xml version="1.0" encoding="UTF-8"?>
<!-- Generated by org.testng.reporters.JUnitXMLReporter -->
<testsuite hostname="Balajis-MBP.lan" ignored="5" name="Test" tests="7" failures="0" timestamp="2023-01-17T11:23:22 CST" time="0.046" errors="0">
  <testcase name="class1Test1" time="0.006" classname="testngConcept.Class1"/>
  <testcase name="class1Test2" time="0.006" classname="testngConcept.Class2"/>
  <testcase name="class1Test3" time="0.001" classname="testngConcept.Class2"/>
  <testcase name="class1Test1" time="0.002" classname="testngConcept.Class1"/>
  <testcase name="class1Test1" time="0.001" classname="testngConcept.Class1"/>
  <testcase name="class1Test3" time="0.001" classname="testngConcept.Class1"/>
  <testcase name="class1Test2" time="0.0" classname="testngConcept.Class1"/>
  <testcase name="class0Test1" time="0.0" classname="testngConcept.Class0">
    <ignored/>
  </testcase> <!-- class0Test1 -->
  <testcase name="class2Test1" time="0.0" classname="testngConcept.Class2">
    <ignored/>
  </testcase> <!-- class2Test1 -->
  <testcase name="class3Test1" time="0.0" classname="testngConcept.Class3">
    <ignored/>
  </testcase> <!-- class3Test1 -->
  <testcase name="class4Test1" time="0.0" classname="testngConcept.Class4">
    <ignored/>
  </testcase> <!-- class4Test1 -->
  <testcase name="class5Test1" time="0.0" classname="testngConcept.Class5">
    <ignored/>
  </testcase> <!-- class5Test1 -->
</testsuite> <!-- Test -->
