<?xml version="1.0" encoding="UTF-8"?>
<!-- Generated by org.testng.reporters.JUnitXMLReporter -->
<testsuite hostname="Balajis-MBP.lan" ignored="4" tests="0" failures="0" timestamp="2023-01-17T11:23:22 CST" time="0.001" errors="0">
  <testcase name="class9Test1" time="0.0" classname="testngConcept.Class9">
    <ignored/>
  </testcase> <!-- class9Test1 -->
  <testcase name="class6Test1" time="0.0" classname="testngConcept.Class6">
    <ignored/>
  </testcase> <!-- class6Test1 -->
  <testcase name="class8Test1" time="0.0" classname="testngConcept.Class8">
    <ignored/>
  </testcase> <!-- class8Test1 -->
  <testcase name="class7Test1" time="0.0" classname="testngConcept.Class7">
    <ignored/>
  </testcase> <!-- class7Test1 -->
</testsuite>
