<?xml version="1.0" encoding="UTF-8"?>
<testng-results skipped="0" failed="0" ignored="9" total="16" passed="7">
  <reporter-output>
  </reporter-output>
  <suite name="Suite" duration-ms="174" started-at="2023-01-17T11:23:22 CST" finished-at="2023-01-17T11:23:22 CST">
    <groups>
      <group name="demo1">
        <method signature="Class1.class1Test2(java.lang.String)[pri:0, instance:testngConcept.Class1@12c8a2c0]" name="class1Test2" class="testngConcept.Class1"/>
        <method signature="Class2.class1Test2()[pri:0, instance:testngConcept.Class2@2de8284b]" name="class1Test2" class="testngConcept.Class2"/>
      </group> <!-- demo1 -->
      <group name="demo2">
        <method signature="Class1.class1Test3()[pri:0, instance:testngConcept.Class1@12c8a2c0]" name="class1Test3" class="testngConcept.Class1"/>
        <method signature="Class2.class1Test3()[pri:0, instance:testngConcept.Class2@2de8284b]" name="class1Test3" class="testngConcept.Class2"/>
      </group> <!-- demo2 -->
    </groups>
    <test name="Test" duration-ms="46" started-at="2023-01-17T11:23:22 CST" finished-at="2023-01-17T11:23:22 CST">
      <class name="testngConcept.Class2">
        <test-method status="PASS" signature="class1Test2()[pri:0, instance:testngConcept.Class2@2de8284b]" name="class1Test2" duration-ms="6" started-at="2023-01-17T11:23:22 CST" finished-at="2023-01-17T11:23:22 CST">
          <reporter-output>
          </reporter-output>
        </test-method> <!-- class1Test2 -->
        <test-method status="PASS" signature="class1Test3()[pri:0, instance:testngConcept.Class2@2de8284b]" name="class1Test3" duration-ms="1" started-at="2023-01-17T11:23:22 CST" finished-at="2023-01-17T11:23:22 CST">
          <reporter-output>
          </reporter-output>
        </test-method> <!-- class1Test3 -->
      </class> <!-- testngConcept.Class2 -->
      <class name="testngConcept.Class1">
        <test-method status="PASS" signature="class1Test1()[pri:0, instance:testngConcept.Class1@12c8a2c0]" name="class1Test1" duration-ms="6" started-at="2023-01-17T11:23:22 CST" finished-at="2023-01-17T11:23:22 CST">
          <reporter-output>
          </reporter-output>
        </test-method> <!-- class1Test1 -->
        <test-method status="PASS" signature="class1Test1()[pri:0, instance:testngConcept.Class1@12c8a2c0]" name="class1Test1" duration-ms="2" started-at="2023-01-17T11:23:22 CST" finished-at="2023-01-17T11:23:22 CST">
          <reporter-output>
          </reporter-output>
        </test-method> <!-- class1Test1 -->
        <test-method status="PASS" signature="class1Test1()[pri:0, instance:testngConcept.Class1@12c8a2c0]" name="class1Test1" duration-ms="1" started-at="2023-01-17T11:23:22 CST" finished-at="2023-01-17T11:23:22 CST">
          <reporter-output>
          </reporter-output>
        </test-method> <!-- class1Test1 -->
        <test-method status="PASS" signature="class1Test3()[pri:0, instance:testngConcept.Class1@12c8a2c0]" name="class1Test3" duration-ms="1" started-at="2023-01-17T11:23:22 CST" finished-at="2023-01-17T11:23:22 CST">
          <reporter-output>
          </reporter-output>
        </test-method> <!-- class1Test3 -->
        <test-method status="PASS" signature="class1Test2(java.lang.String)[pri:0, instance:testngConcept.Class1@12c8a2c0]" name="class1Test2" duration-ms="0" started-at="2023-01-17T11:23:22 CST" depends-on-methods="testngConcept.Class1.class1Test1" finished-at="2023-01-17T11:23:22 CST">
          <params>
            <param index="0">
              <value>
                <![CDATA[kalpana]]>
              </value>
            </param>
          </params>
          <reporter-output>
          </reporter-output>
        </test-method> <!-- class1Test2 -->
      </class> <!-- testngConcept.Class1 -->
    </test> <!-- Test -->
    <test name="Test1" duration-ms="1" started-at="2023-01-17T11:23:22 CST" finished-at="2023-01-17T11:23:22 CST">
    </test> <!-- Test1 -->
  </suite> <!-- Suite -->
</testng-results>
