<?xml version="1.0" encoding="UTF-8"?>
<testng-results skipped="0" failed="0" ignored="0" total="1" passed="1">
  <reporter-output>
  </reporter-output>
  <suite name="Default suite" duration-ms="32" started-at="2023-01-30T21:28:02 CST" finished-at="2023-01-30T21:28:02 CST">
    <groups>
    </groups>
    <test name="Default test" duration-ms="32" started-at="2023-01-30T21:28:02 CST" finished-at="2023-01-30T21:28:02 CST">
      <class name="testngConcept.Class0">
        <test-method status="PASS" signature="beforesuite()[pri:0, instance:testngConcept.Class0@306279ee]" name="beforesuite" is-config="true" duration-ms="8" started-at="2023-01-30T21:28:02 CST" finished-at="2023-01-30T21:28:02 CST">
          <reporter-output>
          </reporter-output>
        </test-method> <!-- beforesuite -->
        <test-method status="PASS" signature="beforetest()[pri:0, instance:testngConcept.Class0@306279ee]" name="beforetest" is-config="true" duration-ms="0" started-at="2023-01-30T21:28:02 CST" finished-at="2023-01-30T21:28:02 CST">
          <reporter-output>
          </reporter-output>
        </test-method> <!-- beforetest -->
        <test-method status="PASS" signature="beforeclass()[pri:0, instance:testngConcept.Class0@306279ee]" name="beforeclass" is-config="true" duration-ms="0" started-at="2023-01-30T21:28:02 CST" finished-at="2023-01-30T21:28:02 CST">
          <reporter-output>
          </reporter-output>
        </test-method> <!-- beforeclass -->
        <test-method status="PASS" signature="beforemethod()[pri:0, instance:testngConcept.Class0@306279ee]" name="beforemethod" is-config="true" duration-ms="1" started-at="2023-01-30T21:28:02 CST" finished-at="2023-01-30T21:28:02 CST">
          <reporter-output>
          </reporter-output>
        </test-method> <!-- beforemethod -->
        <test-method status="PASS" signature="class0Test1()[pri:0, instance:testngConcept.Class0@306279ee]" name="class0Test1" duration-ms="4" started-at="2023-01-30T21:28:02 CST" finished-at="2023-01-30T21:28:02 CST">
          <reporter-output>
          </reporter-output>
        </test-method> <!-- class0Test1 -->
        <test-method status="PASS" signature="aftermethod()[pri:0, instance:testngConcept.Class0@306279ee]" name="aftermethod" is-config="true" duration-ms="0" started-at="2023-01-30T21:28:02 CST" finished-at="2023-01-30T21:28:02 CST">
          <reporter-output>
          </reporter-output>
        </test-method> <!-- aftermethod -->
        <test-method status="PASS" signature="afterclass()[pri:0, instance:testngConcept.Class0@306279ee]" name="afterclass" is-config="true" duration-ms="0" started-at="2023-01-30T21:28:02 CST" finished-at="2023-01-30T21:28:02 CST">
          <reporter-output>
          </reporter-output>
        </test-method> <!-- afterclass -->
        <test-method status="PASS" signature="aftertest()[pri:0, instance:testngConcept.Class0@306279ee]" name="aftertest" is-config="true" duration-ms="2" started-at="2023-01-30T21:28:02 CST" finished-at="2023-01-30T21:28:02 CST">
          <reporter-output>
          </reporter-output>
        </test-method> <!-- aftertest -->
        <test-method status="PASS" signature="aftersuite()[pri:0, instance:testngConcept.Class0@306279ee]" name="aftersuite" is-config="true" duration-ms="0" started-at="2023-01-30T21:28:02 CST" finished-at="2023-01-30T21:28:02 CST">
          <reporter-output>
          </reporter-output>
        </test-method> <!-- aftersuite -->
      </class> <!-- testngConcept.Class0 -->
    </test> <!-- Default test -->
  </suite> <!-- Default suite -->
</testng-results>
